<?xml version="1.0" encoding="UTF-8"?>
<testsuite name="org.example.Suppliers.UnitTesting.PresentationLayer.SupplierControllerUnitTest" tests="6" skipped="0" failures="0" errors="0" timestamp="2025-05-14T13:34:06.823Z" hostname="DESKTOP-2BUQL1I" time="0.642">
  <properties/>
  <testcase name="testUpdateSupplier_returnsOk()" classname="org.example.Suppliers.UnitTesting.PresentationLayer.SupplierControllerUnitTest" time="0.192"/>
  <testcase name="testAddSupplier_returnsCreated()" classname="org.example.Suppliers.UnitTesting.PresentationLayer.SupplierControllerUnitTest" time="0.08"/>
  <testcase name="testGetSupplierById_notFound_returns404()" classname="org.example.Suppliers.UnitTesting.PresentationLayer.SupplierControllerUnitTest" time="0.135"/>
  <testcase name="testDeleteSupplier_returnsOk()" classname="org.example.Suppliers.UnitTesting.PresentationLayer.SupplierControllerUnitTest" time="0.084"/>
  <testcase name="testGetAllSuppliers_returnsOk()" classname="org.example.Suppliers.UnitTesting.PresentationLayer.SupplierControllerUnitTest" time="0.078"/>
  <testcase name="testGetSupplierById_returnsOk()" classname="org.example.Suppliers.UnitTesting.PresentationLayer.SupplierControllerUnitTest" time="0.065"/>
  <system-out><![CDATA[✅ RESPONSE: links: []
2025-05-14T09:34:07.188-04:00 ERROR 17040 --- [api-gateway] [     parallel-5] o.s.w.s.adapter.HttpWebHandlerAdapter    : [1c15d6f6] 500 Server Error for HTTP GET "/api/v1/suppliers/not-found"

java.lang.RuntimeException: Supplier not found
	at org.example.Suppliers.BusinessLayer.SupplierServiceImpl.getSupplierBySupplierId(SupplierServiceImpl.java:26) ~[main/:na]
	Suppressed: reactor.core.publisher.FluxOnAssembly$OnAssemblyException: 
Error has been observed at the following site(s):
	*__checkpoint ⇢ HTTP GET "/api/v1/suppliers/not-found" [ExceptionHandlingWebHandler]
Original Stack Trace:
		at org.example.Suppliers.BusinessLayer.SupplierServiceImpl.getSupplierBySupplierId(SupplierServiceImpl.java:26) ~[main/:na]
		at org.example.Suppliers.PresentationLayer.SupplierController.getSupplierBySupplierId(SupplierController.java:30) ~[main/:na]
		at java.base/jdk.internal.reflect.NativeMethodAccessorImpl.invoke0(Native Method) ~[na:na]
		at java.base/jdk.internal.reflect.NativeMethodAccessorImpl.invoke(NativeMethodAccessorImpl.java:77) ~[na:na]
		at java.base/jdk.internal.reflect.DelegatingMethodAccessorImpl.invoke(DelegatingMethodAccessorImpl.java:43) ~[na:na]
		at java.base/java.lang.reflect.Method.invoke(Method.java:568) ~[na:na]
		at org.springframework.web.reactive.result.method.InvocableHandlerMethod.lambda$invoke$0(InvocableHandlerMethod.java:198) ~[spring-webflux-6.1.12.jar:6.1.12]
		at reactor.core.publisher.MonoFlatMap$FlatMapMain.onNext(MonoFlatMap.java:132) ~[reactor-core-3.6.9.jar:3.6.9]
		at reactor.core.publisher.MonoZip$ZipCoordinator.signal(MonoZip.java:297) ~[reactor-core-3.6.9.jar:3.6.9]
		at reactor.core.publisher.MonoZip$ZipInner.onNext(MonoZip.java:478) ~[reactor-core-3.6.9.jar:3.6.9]
		at reactor.core.publisher.MonoPeekTerminal$MonoTerminalPeekSubscriber.onNext(MonoPeekTerminal.java:180) ~[reactor-core-3.6.9.jar:3.6.9]
		at reactor.core.publisher.FluxDefaultIfEmpty$DefaultIfEmptySubscriber.onNext(FluxDefaultIfEmpty.java:122) ~[reactor-core-3.6.9.jar:3.6.9]
		at reactor.core.publisher.FluxSwitchIfEmpty$SwitchIfEmptySubscriber.onNext(FluxSwitchIfEmpty.java:74) ~[reactor-core-3.6.9.jar:3.6.9]
		at reactor.core.publisher.Operators$ScalarSubscription.request(Operators.java:2571) ~[reactor-core-3.6.9.jar:3.6.9]
		at reactor.core.publisher.Operators$MultiSubscriptionSubscriber.set(Operators.java:2367) ~[reactor-core-3.6.9.jar:3.6.9]
		at reactor.core.publisher.Operators$MultiSubscriptionSubscriber.onSubscribe(Operators.java:2241) ~[reactor-core-3.6.9.jar:3.6.9]
		at reactor.core.publisher.FluxFlatMap.trySubscribeScalarMap(FluxFlatMap.java:193) ~[reactor-core-3.6.9.jar:3.6.9]
		at reactor.core.publisher.MonoFlatMap.subscribeOrReturn(MonoFlatMap.java:53) ~[reactor-core-3.6.9.jar:3.6.9]
		at reactor.core.publisher.InternalMonoOperator.subscribe(InternalMonoOperator.java:63) ~[reactor-core-3.6.9.jar:3.6.9]
		at reactor.core.publisher.MonoZip$ZipCoordinator.request(MonoZip.java:220) ~[reactor-core-3.6.9.jar:3.6.9]
		at reactor.core.publisher.MonoFlatMap$FlatMapMain.request(MonoFlatMap.java:194) ~[reactor-core-3.6.9.jar:3.6.9]
		at reactor.core.publisher.MonoIgnoreThen$ThenIgnoreMain.onSubscribe(MonoIgnoreThen.java:135) ~[reactor-core-3.6.9.jar:3.6.9]
		at reactor.core.publisher.MonoFlatMap$FlatMapMain.onSubscribe(MonoFlatMap.java:117) ~[reactor-core-3.6.9.jar:3.6.9]
		at reactor.core.publisher.MonoZip.subscribe(MonoZip.java:129) ~[reactor-core-3.6.9.jar:3.6.9]
		at reactor.core.publisher.InternalMonoOperator.subscribe(InternalMonoOperator.java:76) ~[reactor-core-3.6.9.jar:3.6.9]
		at reactor.core.publisher.MonoDefer.subscribe(MonoDefer.java:53) ~[reactor-core-3.6.9.jar:3.6.9]
		at reactor.core.publisher.MonoIgnoreThen$ThenIgnoreMain.subscribeNext(MonoIgnoreThen.java:241) ~[reactor-core-3.6.9.jar:3.6.9]
		at reactor.core.publisher.MonoIgnoreThen$ThenIgnoreMain.onComplete(MonoIgnoreThen.java:204) ~[reactor-core-3.6.9.jar:3.6.9]
		at reactor.core.publisher.MonoFlatMap$FlatMapMain.onComplete(MonoFlatMap.java:189) ~[reactor-core-3.6.9.jar:3.6.9]
		at reactor.core.publisher.Operators.complete(Operators.java:137) ~[reactor-core-3.6.9.jar:3.6.9]
		at reactor.core.publisher.MonoZip.subscribe(MonoZip.java:121) ~[reactor-core-3.6.9.jar:3.6.9]
		at reactor.core.publisher.Mono.subscribe(Mono.java:4576) ~[reactor-core-3.6.9.jar:3.6.9]
		at reactor.core.publisher.MonoIgnoreThen$ThenIgnoreMain.subscribeNext(MonoIgnoreThen.java:265) ~[reactor-core-3.6.9.jar:3.6.9]
		at reactor.core.publisher.MonoIgnoreThen.subscribe(MonoIgnoreThen.java:51) ~[reactor-core-3.6.9.jar:3.6.9]
		at reactor.core.publisher.InternalMonoOperator.subscribe(InternalMonoOperator.java:76) ~[reactor-core-3.6.9.jar:3.6.9]
		at reactor.core.publisher.MonoFlatMap$FlatMapMain.onNext(MonoFlatMap.java:165) ~[reactor-core-3.6.9.jar:3.6.9]
		at reactor.core.publisher.FluxOnErrorResume$ResumeSubscriber.onNext(FluxOnErrorResume.java:79) ~[reactor-core-3.6.9.jar:3.6.9]
		at reactor.core.publisher.FluxSwitchIfEmpty$SwitchIfEmptySubscriber.onNext(FluxSwitchIfEmpty.java:74) ~[reactor-core-3.6.9.jar:3.6.9]
		at reactor.core.publisher.MonoNext$NextSubscriber.onNext(MonoNext.java:82) ~[reactor-core-3.6.9.jar:3.6.9]
		at reactor.core.publisher.FluxConcatMapNoPrefetch$FluxConcatMapNoPrefetchSubscriber.innerNext(FluxConcatMapNoPrefetch.java:259) ~[reactor-core-3.6.9.jar:3.6.9]
		at reactor.core.publisher.FluxConcatMap$ConcatMapInner.onNext(FluxConcatMap.java:865) ~[reactor-core-3.6.9.jar:3.6.9]
		at reactor.core.publisher.FluxMapFuseable$MapFuseableSubscriber.onNext(FluxMapFuseable.java:129) ~[reactor-core-3.6.9.jar:3.6.9]
		at reactor.core.publisher.MonoPeekTerminal$MonoTerminalPeekSubscriber.onNext(MonoPeekTerminal.java:180) ~[reactor-core-3.6.9.jar:3.6.9]
		at reactor.core.publisher.Operators$ScalarSubscription.request(Operators.java:2571) ~[reactor-core-3.6.9.jar:3.6.9]
		at reactor.core.publisher.MonoPeekTerminal$MonoTerminalPeekSubscriber.request(MonoPeekTerminal.java:139) ~[reactor-core-3.6.9.jar:3.6.9]
		at reactor.core.publisher.FluxMapFuseable$MapFuseableSubscriber.request(FluxMapFuseable.java:171) ~[reactor-core-3.6.9.jar:3.6.9]
		at reactor.core.publisher.Operators$MultiSubscriptionSubscriber.request(Operators.java:2331) ~[reactor-core-3.6.9.jar:3.6.9]
		at reactor.core.publisher.FluxConcatMapNoPrefetch$FluxConcatMapNoPrefetchSubscriber.request(FluxConcatMapNoPrefetch.java:339) ~[reactor-core-3.6.9.jar:3.6.9]
		at reactor.core.publisher.MonoNext$NextSubscriber.request(MonoNext.java:108) ~[reactor-core-3.6.9.jar:3.6.9]
		at reactor.core.publisher.Operators$MultiSubscriptionSubscriber.set(Operators.java:2367) ~[reactor-core-3.6.9.jar:3.6.9]
		at reactor.core.publisher.Operators$MultiSubscriptionSubscriber.onSubscribe(Operators.java:2241) ~[reactor-core-3.6.9.jar:3.6.9]
		at reactor.core.publisher.MonoNext$NextSubscriber.onSubscribe(MonoNext.java:70) ~[reactor-core-3.6.9.jar:3.6.9]
		at reactor.core.publisher.FluxConcatMapNoPrefetch$FluxConcatMapNoPrefetchSubscriber.onSubscribe(FluxConcatMapNoPrefetch.java:164) ~[reactor-core-3.6.9.jar:3.6.9]
		at reactor.core.publisher.FluxIterable.subscribe(FluxIterable.java:201) ~[reactor-core-3.6.9.jar:3.6.9]
		at reactor.core.publisher.FluxIterable.subscribe(FluxIterable.java:83) ~[reactor-core-3.6.9.jar:3.6.9]
		at reactor.core.publisher.InternalMonoOperator.subscribe(InternalMonoOperator.java:76) ~[reactor-core-3.6.9.jar:3.6.9]
		at reactor.core.publisher.MonoDefer.subscribe(MonoDefer.java:53) ~[reactor-core-3.6.9.jar:3.6.9]
		at reactor.core.publisher.Mono.subscribe(Mono.java:4576) ~[reactor-core-3.6.9.jar:3.6.9]
		at reactor.core.publisher.MonoIgnoreThen$ThenIgnoreMain.subscribeNext(MonoIgnoreThen.java:265) ~[reactor-core-3.6.9.jar:3.6.9]
		at reactor.core.publisher.MonoIgnoreThen.subscribe(MonoIgnoreThen.java:51) ~[reactor-core-3.6.9.jar:3.6.9]
		at reactor.core.publisher.Mono.subscribe(Mono.java:4576) ~[reactor-core-3.6.9.jar:3.6.9]
		at reactor.core.publisher.Mono.subscribeWith(Mono.java:4642) ~[reactor-core-3.6.9.jar:3.6.9]
		at reactor.core.publisher.Mono.subscribe(Mono.java:4542) ~[reactor-core-3.6.9.jar:3.6.9]
		at reactor.core.publisher.Mono.subscribe(Mono.java:4478) ~[reactor-core-3.6.9.jar:3.6.9]
		at org.springframework.test.web.reactive.server.HttpHandlerConnector.lambda$doConnect$2(HttpHandlerConnector.java:100) ~[spring-test-6.1.12.jar:6.1.12]
		at org.springframework.mock.http.client.reactive.MockClientHttpRequest.lambda$writeWith$2(MockClientHttpRequest.java:124) ~[spring-test-6.1.12.jar:6.1.12]
		at reactor.core.publisher.MonoDefer.subscribe(MonoDefer.java:45) ~[reactor-core-3.6.9.jar:3.6.9]
		at reactor.core.publisher.Mono.subscribe(Mono.java:4576) ~[reactor-core-3.6.9.jar:3.6.9]
		at reactor.core.publisher.FluxConcatIterable$ConcatIterableSubscriber.onComplete(FluxConcatIterable.java:148) ~[reactor-core-3.6.9.jar:3.6.9]
		at reactor.core.publisher.FluxConcatIterable.subscribe(FluxConcatIterable.java:60) ~[reactor-core-3.6.9.jar:3.6.9]
		at reactor.core.publisher.Mono.subscribe(Mono.java:4576) ~[reactor-core-3.6.9.jar:3.6.9]
		at reactor.core.publisher.Mono.subscribeWith(Mono.java:4642) ~[reactor-core-3.6.9.jar:3.6.9]
		at reactor.core.publisher.Mono.subscribe(Mono.java:4542) ~[reactor-core-3.6.9.jar:3.6.9]
		at reactor.core.publisher.Mono.subscribe(Mono.java:4478) ~[reactor-core-3.6.9.jar:3.6.9]
		at org.springframework.test.web.reactive.server.HttpHandlerConnector.doConnect(HttpHandlerConnector.java:114) ~[spring-test-6.1.12.jar:6.1.12]
		at org.springframework.test.web.reactive.server.HttpHandlerConnector.lambda$connect$0(HttpHandlerConnector.java:81) ~[spring-test-6.1.12.jar:6.1.12]
		at reactor.core.publisher.MonoDefer.subscribe(MonoDefer.java:45) ~[reactor-core-3.6.9.jar:3.6.9]
		at reactor.core.publisher.Mono.subscribe(Mono.java:4576) ~[reactor-core-3.6.9.jar:3.6.9]
		at reactor.core.publisher.MonoSubscribeOn$SubscribeOnSubscriber.run(MonoSubscribeOn.java:126) ~[reactor-core-3.6.9.jar:3.6.9]
		at reactor.core.scheduler.WorkerTask.call(WorkerTask.java:84) ~[reactor-core-3.6.9.jar:3.6.9]
		at reactor.core.scheduler.WorkerTask.call(WorkerTask.java:37) ~[reactor-core-3.6.9.jar:3.6.9]
		at java.base/java.util.concurrent.FutureTask.run(FutureTask.java:264) ~[na:na]
		at java.base/java.util.concurrent.ScheduledThreadPoolExecutor$ScheduledFutureTask.run(ScheduledThreadPoolExecutor.java:304) ~[na:na]
		at java.base/java.util.concurrent.ThreadPoolExecutor.runWorker(ThreadPoolExecutor.java:1136) ~[na:na]
		at java.base/java.util.concurrent.ThreadPoolExecutor$Worker.run(ThreadPoolExecutor.java:635) ~[na:na]
		at java.base/java.lang.Thread.run(Thread.java:842) ~[na:na]

]]></system-out>
  <system-err><![CDATA[]]></system-err>
</testsuite>
