<?xml version="1.0" encoding="UTF-8"?>
<testsuite name="org.example.Sales.IntegrationTesting.PresentationLayer.PurchaseControllerIntegrationTest" tests="5" skipped="0" failures="0" errors="0" timestamp="2025-05-14T22:57:05.135Z" hostname="DESKTOP-2BUQL1I" time="0.813">
  <properties/>
  <testcase name="testCreatePurchase_returnsCreated()" classname="org.example.Sales.IntegrationTesting.PresentationLayer.PurchaseControllerIntegrationTest" time="0.711"/>
  <testcase name="testDeletePurchase_returnsOk()" classname="org.example.Sales.IntegrationTesting.PresentationLayer.PurchaseControllerIntegrationTest" time="0.033"/>
  <testcase name="testGetAllPurchases_returnsList()" classname="org.example.Sales.IntegrationTesting.PresentationLayer.PurchaseControllerIntegrationTest" time="0.023"/>
  <testcase name="testUpdatePurchase_returnsUpdated()" classname="org.example.Sales.IntegrationTesting.PresentationLayer.PurchaseControllerIntegrationTest" time="0.017"/>
  <testcase name="testGetPurchaseById_returnsPurchase()" classname="org.example.Sales.IntegrationTesting.PresentationLayer.PurchaseControllerIntegrationTest" time="0.014"/>
  <system-out><![CDATA[18:56:58.189 [Test worker] INFO org.springframework.test.context.support.AnnotationConfigContextLoaderUtils -- Could not detect default configuration classes for test class [org.example.Sales.IntegrationTesting.PresentationLayer.PurchaseControllerIntegrationTest]: PurchaseControllerIntegrationTest does not declare any static, non-private, non-final, nested classes annotated with @Configuration.
18:56:58.504 [Test worker] INFO org.springframework.boot.test.context.SpringBootTestContextBootstrapper -- Found @SpringBootConfiguration org.example.ApiGatewayServiceApplication for test class org.example.Sales.IntegrationTesting.PresentationLayer.PurchaseControllerIntegrationTest

  .   ____          _            __ _ _
 /\\ / ___'_ __ _ _(_)_ __  __ _ \ \ \ \
( ( )\___ | '_ | '_| | '_ \/ _` | \ \ \ \
 \\/  ___)| |_)| | | | | || (_| |  ) ) ) )
  '  |____| .__|_| |_|_| |_\__, | / / / /
 =========|_|==============|___/=/_/_/_/

 :: Spring Boot ::                (v3.3.3)

2025-05-14T18:57:00.695-04:00  INFO 22516 --- [api-gateway] [    Test worker] .S.I.P.PurchaseControllerIntegrationTest : Starting PurchaseControllerIntegrationTest using Java 17.0.12 with PID 22516 (started by Mohamed Lhamidi in C:\Users\Mohamed Lhamidi\Documents\Web Service\FlowerShop_Final\api-gateway-service)
2025-05-14T18:57:00.697-04:00  INFO 22516 --- [api-gateway] [    Test worker] .S.I.P.PurchaseControllerIntegrationTest : No active profile set, falling back to 1 default profile: "default"
2025-05-14T18:57:05.105-04:00  INFO 22516 --- [api-gateway] [    Test worker] .S.I.P.PurchaseControllerIntegrationTest : Started PurchaseControllerIntegrationTest in 6.424 seconds (process running for 8.806)
]]></system-out>
  <system-err><![CDATA[]]></system-err>
</testsuite>
