<?xml version="1.0" encoding="UTF-8"?>
<testsuite name="org.example.Inventory.IntegrationTesting.Inventory.InventoryControllerIntegrationTest" tests="5" skipped="0" failures="0" errors="0" timestamp="2025-05-14T23:15:50.721Z" hostname="DESKTOP-2BUQL1I" time="0.826">
  <properties/>
  <testcase name="testAddInventory_returnsCreated()" classname="org.example.Inventory.IntegrationTesting.Inventory.InventoryControllerIntegrationTest" time="0.73"/>
  <testcase name="testGetInventoryById_returnsSingle()" classname="org.example.Inventory.IntegrationTesting.Inventory.InventoryControllerIntegrationTest" time="0.031"/>
  <testcase name="testGetInventories_returnsList()" classname="org.example.Inventory.IntegrationTesting.Inventory.InventoryControllerIntegrationTest" time="0.018"/>
  <testcase name="testUpdateInventory_returnsUpdated()" classname="org.example.Inventory.IntegrationTesting.Inventory.InventoryControllerIntegrationTest" time="0.014"/>
  <testcase name="testDeleteInventory_returnsSuccessMessage()" classname="org.example.Inventory.IntegrationTesting.Inventory.InventoryControllerIntegrationTest" time="0.02"/>
  <system-out><![CDATA[19:15:44.326 [Test worker] INFO org.springframework.test.context.support.AnnotationConfigContextLoaderUtils -- Could not detect default configuration classes for test class [org.example.Inventory.IntegrationTesting.Inventory.InventoryControllerIntegrationTest]: InventoryControllerIntegrationTest does not declare any static, non-private, non-final, nested classes annotated with @Configuration.
19:15:44.595 [Test worker] INFO org.springframework.boot.test.context.SpringBootTestContextBootstrapper -- Found @SpringBootConfiguration org.example.ApiGatewayServiceApplication for test class org.example.Inventory.IntegrationTesting.Inventory.InventoryControllerIntegrationTest

  .   ____          _            __ _ _
 /\\ / ___'_ __ _ _(_)_ __  __ _ \ \ \ \
( ( )\___ | '_ | '_| | '_ \/ _` | \ \ \ \
 \\/  ___)| |_)| | | | | || (_| |  ) ) ) )
  '  |____| .__|_| |_|_| |_\__, | / / / /
 =========|_|==============|___/=/_/_/_/

 :: Spring Boot ::                (v3.3.3)

2025-05-14T19:15:46.683-04:00  INFO 10528 --- [api-gateway] [    Test worker] I.I.I.InventoryControllerIntegrationTest : Starting InventoryControllerIntegrationTest using Java 17.0.12 with PID 10528 (started by Mohamed Lhamidi in C:\Users\Mohamed Lhamidi\Documents\Web Service\FlowerShop_Final\api-gateway-service)
2025-05-14T19:15:46.686-04:00  INFO 10528 --- [api-gateway] [    Test worker] I.I.I.InventoryControllerIntegrationTest : No active profile set, falling back to 1 default profile: "default"
2025-05-14T19:15:50.690-04:00  INFO 10528 --- [api-gateway] [    Test worker] I.I.I.InventoryControllerIntegrationTest : Started InventoryControllerIntegrationTest in 5.941 seconds (process running for 8.055)
]]></system-out>
  <system-err><![CDATA[]]></system-err>
</testsuite>
