<?xml version="1.0" encoding="UTF-8"?>
<testsuite name="org.example.Inventory.IntegrationTesting.Flower.FlowerControllerIntegrationTest" tests="5" skipped="0" failures="0" errors="0" timestamp="2025-05-14T23:46:32.996Z" hostname="DESKTOP-2BUQL1I" time="0.835">
  <properties/>
  <testcase name="testGetAllFlowers_returnsList()" classname="org.example.Inventory.IntegrationTesting.Flower.FlowerControllerIntegrationTest" time="0.644"/>
  <testcase name="testGetFlowerById_returnsOne()" classname="org.example.Inventory.IntegrationTesting.Flower.FlowerControllerIntegrationTest" time="0.032"/>
  <testcase name="testUpdateFlower_returnsUpdated()" classname="org.example.Inventory.IntegrationTesting.Flower.FlowerControllerIntegrationTest" time="0.111"/>
  <testcase name="testAddFlower_returnsCreated()" classname="org.example.Inventory.IntegrationTesting.Flower.FlowerControllerIntegrationTest" time="0.013"/>
  <testcase name="testDeleteFlower_returnsOk()" classname="org.example.Inventory.IntegrationTesting.Flower.FlowerControllerIntegrationTest" time="0.023"/>
  <system-out><![CDATA[19:46:26.650 [Test worker] INFO org.springframework.test.context.support.AnnotationConfigContextLoaderUtils -- Could not detect default configuration classes for test class [org.example.Inventory.IntegrationTesting.Flower.FlowerControllerIntegrationTest]: FlowerControllerIntegrationTest does not declare any static, non-private, non-final, nested classes annotated with @Configuration.
19:46:26.898 [Test worker] INFO org.springframework.boot.test.context.SpringBootTestContextBootstrapper -- Found @SpringBootConfiguration org.example.ApiGatewayServiceApplication for test class org.example.Inventory.IntegrationTesting.Flower.FlowerControllerIntegrationTest

  .   ____          _            __ _ _
 /\\ / ___'_ __ _ _(_)_ __  __ _ \ \ \ \
( ( )\___ | '_ | '_| | '_ \/ _` | \ \ \ \
 \\/  ___)| |_)| | | | | || (_| |  ) ) ) )
  '  |____| .__|_| |_|_| |_\__, | / / / /
 =========|_|==============|___/=/_/_/_/

 :: Spring Boot ::                (v3.3.3)

2025-05-14T19:46:29.021-04:00  INFO 6680 --- [api-gateway] [    Test worker] .e.I.I.F.FlowerControllerIntegrationTest : Starting FlowerControllerIntegrationTest using Java 17.0.12 with PID 6680 (started by Mohamed Lhamidi in C:\Users\Mohamed Lhamidi\Documents\Web Service\FlowerShop_Final\api-gateway-service)
2025-05-14T19:46:29.025-04:00  INFO 6680 --- [api-gateway] [    Test worker] .e.I.I.F.FlowerControllerIntegrationTest : No active profile set, falling back to 1 default profile: "default"
2025-05-14T19:46:32.973-04:00  INFO 6680 --- [api-gateway] [    Test worker] .e.I.I.F.FlowerControllerIntegrationTest : Started FlowerControllerIntegrationTest in 5.925 seconds (process running for 8.091)
]]></system-out>
  <system-err><![CDATA[]]></system-err>
</testsuite>
